info: Feb-10-2023 14:42:00: Enter- '/controller/hotel.controller.ts/HotelController/constructor' : +0ms
info: Feb-10-2023 14:42:00: Enter- '/controller/hotel.controller.ts/HotelController/initialiseRoutes' : +3ms
info: Feb-10-2023 14:42:00: Exit- '/controller/hotel.controller.ts/HotelController/initialiseRoutes' : +2ms
info: Feb-10-2023 14:42:00: Exit- '/controller/hotel.controller.ts/HotelController/constructor' : +0ms
info: Feb-10-2023 14:42:00: Enter- 'app.ts/Constructor' : +1ms
info: Feb-10-2023 14:42:00: Enter- 'app.ts/initialiseMiddleware' : +2ms
info: Feb-10-2023 14:42:00: Exit- 'app.ts/initialiseMiddleware' : +4ms
info: Feb-10-2023 14:42:00: Enter- 'app.ts/initialiseControllers' : +1ms
info: Feb-10-2023 14:42:00: Exit- 'app.ts/initialiseControllers' : +3ms
info: Feb-10-2023 14:42:00: Enter- 'app.ts/initialiseErrorHandling' : +1ms
info: Feb-10-2023 14:42:00: Exit- 'app.ts/initialiseErrorHandling' : +1ms
info: Feb-10-2023 14:42:00: Exit- 'app.ts/Constructor' : +1ms
info: Feb-10-2023 14:42:23: Enter- '/controller/hotel.controller.ts/HotelController/getHotelsList' : +24s
info: Feb-10-2023 14:42:23: Enter- '/services/hotels/hotel.service.ts/getHotels' : +1ms
info: Feb-10-2023 14:42:23: Enter- '/services/hotels/hotel.service.ts/filterHotels' : +1ms
info: Feb-10-2023 14:42:23: Enter- '/services/hotels/hotel.service.ts/parseImages' : +3ms
info: Feb-10-2023 14:42:23: Enter- '/services/hotels/hotel.service.ts/calculateHaversineDistance' : +1ms
info: Feb-10-2023 14:42:23: Exit- '/services/hotels/hotel.service.ts/calculateHaversineDistance' : +1ms
info: Feb-10-2023 14:42:23: Enter- '/services/hotels/hotel.service.ts/getResponseBasedOnlanguage' : +1ms
info: Feb-10-2023 14:42:23: Exit- '/services/hotels/hotel.service.ts/getResponseBasedOnlanguage' : +2ms
info: Feb-10-2023 14:42:23: Enter- '/services/hotels/hotel.service.ts/getResponseBasedOnlanguage' : +74ms
info: Feb-10-2023 14:42:23: Exit- '/services/hotels/hotel.service.ts/getResponseBasedOnlanguage' : +1ms
info: Feb-10-2023 14:42:23: Enter- '/services/hotels/hotel.service.ts/getResponseBasedOnlanguage' : +0ms
info: Feb-10-2023 14:42:23: Exit- '/services/hotels/hotel.service.ts/getResponseBasedOnlanguage' : +2ms
info: Feb-10-2023 14:42:24: Enter- '/services/hotels/hotel.service.ts/getResponseBasedOnlanguage' : +24ms
info: Feb-10-2023 14:42:24: Exit- '/services/hotels/hotel.service.ts/getResponseBasedOnlanguage' : +4ms
info: Feb-10-2023 14:42:24: Enter- '/services/hotels/hotel.service.ts/parseDeals' : +0ms
info: Feb-10-2023 14:42:24: Exit- '/services/hotels/hotel.service.ts/parseDeals' : +2ms
info: Feb-10-2023 14:42:24: Enter- '/services/hotels/hotel.service.ts/getResponseBasedOnlanguage' : +13ms
info: Feb-10-2023 14:42:24: Exit- '/services/hotels/hotel.service.ts/getResponseBasedOnlanguage' : +26ms
info: Feb-10-2023 14:42:24: Enter- '/services/hotels/hotel.service.ts/getResponseBasedOnlanguage' : +17ms
info: Feb-10-2023 14:42:24: Exit- '/services/hotels/hotel.service.ts/getResponseBasedOnlanguage' : +6ms
info: Feb-10-2023 14:42:24: Enter- '/services/hotels/hotel.service.ts/getResponseBasedOnlanguage' : +2ms
info: Feb-10-2023 14:42:24: Exit- '/services/hotels/hotel.service.ts/getResponseBasedOnlanguage' : +4ms
info: Feb-10-2023 14:42:24: Enter- '/services/hotels/hotel.service.ts/getResponseBasedOnlanguage' : +9ms
info: Feb-10-2023 14:42:24: Exit- '/services/hotels/hotel.service.ts/getResponseBasedOnlanguage' : +3ms
info: Feb-10-2023 14:42:24: Enter- '/services/hotels/hotel.service.ts/parseImages' : +1ms
info: Feb-10-2023 14:42:24: Exit- '/services/hotels/hotel.service.ts/parseImages' : +2ms
info: Feb-10-2023 14:42:24: Enter- '/services/hotels/hotel.service.ts/getResponseBasedOnlanguage' : +2ms
info: Feb-10-2023 14:42:24: Exit- '/services/hotels/hotel.service.ts/getResponseBasedOnlanguage' : +0ms
info: Feb-10-2023 14:42:24: Enter- '/services/hotels/hotel.service.ts/getResponseBasedOnlanguage' : +7ms
info: Feb-10-2023 14:42:24: Exit- '/services/hotels/hotel.service.ts/getResponseBasedOnlanguage' : +2ms
info: Feb-10-2023 14:42:24: Enter- '/services/hotels/hotel.service.ts/getResponseBasedOnlanguage' : +1ms
info: Feb-10-2023 14:42:24: Exit- '/services/hotels/hotel.service.ts/getResponseBasedOnlanguage' : +1ms
info: Feb-10-2023 14:42:24: Enter- '/services/hotels/hotel.service.ts/getResponseBasedOnlanguage' : +2ms
info: Feb-10-2023 14:42:24: Exit- '/services/hotels/hotel.service.ts/getResponseBasedOnlanguage' : +1ms
info: Feb-10-2023 14:42:24: Enter- '/services/hotels/hotel.service.ts/getResponseBasedOnlanguage' : +1ms
info: Feb-10-2023 14:42:24: Exit- '/services/hotels/hotel.service.ts/getResponseBasedOnlanguage' : +2ms
info: Feb-10-2023 14:42:24: Enter- '/services/hotels/hotel.service.ts/getResponseBasedOnlanguage' : +6ms
info: Feb-10-2023 14:42:24: Exit- '/services/hotels/hotel.service.ts/getResponseBasedOnlanguage' : +1ms
info: Feb-10-2023 14:42:24: Enter- '/services/hotels/hotel.service.ts/getResponseBasedOnlanguage' : +1ms
info: Feb-10-2023 14:42:24: Exit- '/services/hotels/hotel.service.ts/getResponseBasedOnlanguage' : +1ms
info: Feb-10-2023 14:42:24: Enter- '/services/hotels/hotel.service.ts/getResponseBasedOnlanguage' : +1ms
info: Feb-10-2023 14:42:24: Exit- '/services/hotels/hotel.service.ts/getResponseBasedOnlanguage' : +2ms
info: Feb-10-2023 14:42:24: Enter- '/services/hotels/hotel.service.ts/getResponseBasedOnlanguage' : +0ms
info: Feb-10-2023 14:42:24: Exit- '/services/hotels/hotel.service.ts/getResponseBasedOnlanguage' : +1ms
info: Feb-10-2023 14:42:24: Enter- '/services/hotels/hotel.service.ts/getResponseBasedOnlanguage' : +1ms
info: Feb-10-2023 14:42:24: Exit- '/services/hotels/hotel.service.ts/getResponseBasedOnlanguage' : +1ms
info: Feb-10-2023 14:42:24: Enter- '/services/hotels/hotel.service.ts/getResponseBasedOnlanguage' : +1ms
info: Feb-10-2023 14:42:24: Exit- '/services/hotels/hotel.service.ts/getResponseBasedOnlanguage' : +0ms
info: Feb-10-2023 14:42:24: Enter- '/services/hotels/hotel.service.ts/getResponseBasedOnlanguage' : +4ms
info: Feb-10-2023 14:42:24: Exit- '/services/hotels/hotel.service.ts/getResponseBasedOnlanguage' : +1ms
info: Feb-10-2023 14:42:24: Enter- '/services/hotels/hotel.service.ts/getResponseBasedOnlanguage' : +2ms
info: Feb-10-2023 14:42:24: Exit- '/services/hotels/hotel.service.ts/getResponseBasedOnlanguage' : +2ms
info: Feb-10-2023 14:42:24: Enter- '/services/hotels/hotel.service.ts/getResponseBasedOnlanguage' : +1ms
info: Feb-10-2023 14:42:24: Exit- '/services/hotels/hotel.service.ts/getResponseBasedOnlanguage' : +1ms
info: Feb-10-2023 14:42:24: Enter- '/services/hotels/hotel.service.ts/getResponseBasedOnlanguage' : +3ms
info: Feb-10-2023 14:42:24: Exit- '/services/hotels/hotel.service.ts/getResponseBasedOnlanguage' : +1ms
info: Feb-10-2023 14:42:24: Enter- '/services/hotels/hotel.service.ts/getResponseBasedOnlanguage' : +1ms
info: Feb-10-2023 14:42:24: Exit- '/services/hotels/hotel.service.ts/getResponseBasedOnlanguage' : +1ms
info: Feb-10-2023 14:42:24: Enter- '/services/hotels/hotel.service.ts/getResponseBasedOnlanguage' : +0ms
info: Feb-10-2023 14:42:24: Exit- '/services/hotels/hotel.service.ts/getResponseBasedOnlanguage' : +9ms
info: Feb-10-2023 14:42:24: Enter- '/services/hotels/hotel.service.ts/getResponseBasedOnlanguage' : +0ms
info: Feb-10-2023 14:42:24: Exit- '/services/hotels/hotel.service.ts/getResponseBasedOnlanguage' : +1ms
info: Feb-10-2023 14:42:24: Enter- '/services/hotels/hotel.service.ts/getResponseBasedOnlanguage' : +2ms
info: Feb-10-2023 14:42:24: Exit- '/services/hotels/hotel.service.ts/getResponseBasedOnlanguage' : +1ms
info: Feb-10-2023 14:42:24: Enter- '/services/hotels/hotel.service.ts/getResponseBasedOnlanguage' : +1ms
info: Feb-10-2023 14:42:24: Exit- '/services/hotels/hotel.service.ts/getResponseBasedOnlanguage' : +0ms
info: Feb-10-2023 14:42:24: Enter- '/services/hotels/hotel.service.ts/getResponseBasedOnlanguage' : +2ms
info: Feb-10-2023 14:42:24: Exit- '/services/hotels/hotel.service.ts/getResponseBasedOnlanguage' : +1ms
info: Feb-10-2023 14:42:24: Enter- '/services/hotels/hotel.service.ts/getResponseBasedOnlanguage' : +9ms
info: Feb-10-2023 14:42:24: Exit- '/services/hotels/hotel.service.ts/getResponseBasedOnlanguage' : +3ms
info: Feb-10-2023 14:42:24: Enter- '/services/hotels/hotel.service.ts/getResponseBasedOnlanguage' : +1ms
info: Feb-10-2023 14:42:24: Exit- '/services/hotels/hotel.service.ts/getResponseBasedOnlanguage' : +1ms
info: Feb-10-2023 14:42:24: Enter- '/services/hotels/hotel.service.ts/getResponseBasedOnlanguage' : +0ms
info: Feb-10-2023 14:42:24: Exit- '/services/hotels/hotel.service.ts/getResponseBasedOnlanguage' : +1ms
info: Feb-10-2023 14:42:24: Enter- '/services/hotels/hotel.service.ts/getResponseBasedOnlanguage' : +1ms
info: Feb-10-2023 14:42:24: Exit- '/services/hotels/hotel.service.ts/getResponseBasedOnlanguage' : +4ms
info: Feb-10-2023 14:42:24: Enter- '/services/hotels/hotel.service.ts/getResponseBasedOnlanguage' : +2ms
info: Feb-10-2023 14:42:24: Exit- '/services/hotels/hotel.service.ts/getResponseBasedOnlanguage' : +2ms
info: Feb-10-2023 14:42:24: Enter- '/services/hotels/hotel.service.ts/getResponseBasedOnlanguage' : +1ms
info: Feb-10-2023 14:42:24: Exit- '/services/hotels/hotel.service.ts/getResponseBasedOnlanguage' : +4ms
info: Feb-10-2023 14:42:24: Enter- '/services/hotels/hotel.service.ts/getResponseBasedOnlanguage' : +1ms
info: Feb-10-2023 14:42:24: Exit- '/services/hotels/hotel.service.ts/getResponseBasedOnlanguage' : +1ms
info: Feb-10-2023 14:42:24: Enter- '/services/hotels/hotel.service.ts/getResponseBasedOnlanguage' : +1ms
info: Feb-10-2023 14:42:24: Exit- '/services/hotels/hotel.service.ts/getResponseBasedOnlanguage' : +1ms
info: Feb-10-2023 14:42:24: Enter- '/services/hotels/hotel.service.ts/getResponseBasedOnlanguage' : +8ms
info: Feb-10-2023 14:42:24: Exit- '/services/hotels/hotel.service.ts/getResponseBasedOnlanguage' : +2ms
info: Feb-10-2023 14:42:24: Enter- '/services/hotels/hotel.service.ts/getResponseBasedOnlanguage' : +1ms
info: Feb-10-2023 14:42:24: Exit- '/services/hotels/hotel.service.ts/getResponseBasedOnlanguage' : +1ms
info: Feb-10-2023 14:42:24: Enter- '/services/hotels/hotel.service.ts/getResponseBasedOnlanguage' : +1ms
info: Feb-10-2023 14:42:24: Exit- '/services/hotels/hotel.service.ts/getResponseBasedOnlanguage' : +1ms
info: Feb-10-2023 14:42:24: Enter- '/services/hotels/hotel.service.ts/getResponseBasedOnlanguage' : +1ms
info: Feb-10-2023 14:42:24: Exit- '/services/hotels/hotel.service.ts/getResponseBasedOnlanguage' : +0ms
info: Feb-10-2023 14:42:24: Enter- '/services/hotels/hotel.service.ts/getResponseBasedOnlanguage' : +1ms
info: Feb-10-2023 14:42:24: Exit- '/services/hotels/hotel.service.ts/getResponseBasedOnlanguage' : +1ms
info: Feb-10-2023 14:42:24: Enter- '/services/hotels/hotel.service.ts/getResponseBasedOnlanguage' : +7ms
info: Feb-10-2023 14:42:24: Exit- '/services/hotels/hotel.service.ts/getResponseBasedOnlanguage' : +2ms
info: Feb-10-2023 14:42:24: Enter- '/services/hotels/hotel.service.ts/getResponseBasedOnlanguage' : +1ms
info: Feb-10-2023 14:42:24: Exit- '/services/hotels/hotel.service.ts/getResponseBasedOnlanguage' : +2ms
info: Feb-10-2023 14:42:24: Enter- '/services/hotels/hotel.service.ts/getResponseBasedOnlanguage' : +1ms
info: Feb-10-2023 14:42:24: Exit- '/services/hotels/hotel.service.ts/getResponseBasedOnlanguage' : +2ms
info: Feb-10-2023 14:42:24: Enter- '/services/hotels/hotel.service.ts/getResponseBasedOnlanguage' : +2ms
info: Feb-10-2023 14:42:24: Exit- '/services/hotels/hotel.service.ts/getResponseBasedOnlanguage' : +9ms
info: Feb-10-2023 14:42:24: Enter- '/services/hotels/hotel.service.ts/getResponseBasedOnlanguage' : +1ms
info: Feb-10-2023 14:42:24: Exit- '/services/hotels/hotel.service.ts/getResponseBasedOnlanguage' : +2ms
info: Feb-10-2023 14:42:24: Enter- '/services/hotels/hotel.service.ts/getResponseBasedOnlanguage' : +2ms
info: Feb-10-2023 14:42:24: Exit- '/services/hotels/hotel.service.ts/getResponseBasedOnlanguage' : +1ms
info: Feb-10-2023 14:42:24: Enter- '/services/hotels/hotel.service.ts/getResponseBasedOnlanguage' : +1ms
info: Feb-10-2023 14:42:24: Exit- '/services/hotels/hotel.service.ts/getResponseBasedOnlanguage' : +7ms
info: Feb-10-2023 14:42:24: Enter- '/services/hotels/hotel.service.ts/getResponseBasedOnlanguage' : +2ms
info: Feb-10-2023 14:42:24: Exit- '/services/hotels/hotel.service.ts/getResponseBasedOnlanguage' : +1ms
info: Feb-10-2023 14:42:24: Enter- '/services/hotels/hotel.service.ts/getResponseBasedOnlanguage' : +1ms
info: Feb-10-2023 14:42:24: Exit- '/services/hotels/hotel.service.ts/getResponseBasedOnlanguage' : +2ms
info: Feb-10-2023 14:42:24: Enter- '/services/hotels/hotel.service.ts/getResponseBasedOnlanguage' : +1ms
info: Feb-10-2023 14:42:24: Exit- '/services/hotels/hotel.service.ts/getResponseBasedOnlanguage' : +1ms
info: Feb-10-2023 14:42:24: Enter- '/services/hotels/hotel.service.ts/getResponseBasedOnlanguage' : +1ms
info: Feb-10-2023 14:42:24: Exit- '/services/hotels/hotel.service.ts/getResponseBasedOnlanguage' : +1ms
info: Feb-10-2023 14:42:24: Enter- '/services/hotels/hotel.service.ts/getResponseBasedOnlanguage' : +7ms
info: Feb-10-2023 14:42:24: Exit- '/services/hotels/hotel.service.ts/getResponseBasedOnlanguage' : +1ms
info: Feb-10-2023 14:42:24: Enter- '/services/hotels/hotel.service.ts/getResponseBasedOnlanguage' : +0ms
info: Feb-10-2023 14:42:24: Exit- '/services/hotels/hotel.service.ts/getResponseBasedOnlanguage' : +1ms
info: Feb-10-2023 14:42:24: Enter- '/services/hotels/hotel.service.ts/getResponseBasedOnlanguage' : +1ms
info: Feb-10-2023 14:42:24: Exit- '/services/hotels/hotel.service.ts/getResponseBasedOnlanguage' : +1ms
info: Feb-10-2023 14:42:24: Enter- '/services/hotels/hotel.service.ts/getResponseBasedOnlanguage' : +2ms
info: Feb-10-2023 14:42:24: Exit- '/services/hotels/hotel.service.ts/getResponseBasedOnlanguage' : +0ms
info: Feb-10-2023 14:42:24: Enter- '/services/hotels/hotel.service.ts/getResponseBasedOnlanguage' : +1ms
info: Feb-10-2023 14:42:24: Exit- '/services/hotels/hotel.service.ts/getResponseBasedOnlanguage' : +1ms
info: Feb-10-2023 14:42:24: Exit- '/services/hotels/hotel.service.ts/parseImages' : +1ms
info: Feb-10-2023 14:42:24: Exit- '/services/hotels/hotel.service.ts/filterHotels' : +6ms
info: Feb-10-2023 14:42:24: Exit- '/services/hotels/hotel.service.ts/getHotels' : +2ms
info: Feb-10-2023 14:42:24: Exit- '/controller/hotel.controller.ts/HotelController/getHotelsList' : +1ms
